* Creating virtualenv isolated environment...
* Installing packages in isolated environment... (setuptools >= 61.0)
* Getting build dependencies for sdist...
/private/var/folders/nl/zptkx4wd7sv5kn9lbp_vbm980000gn/T/build-env-hvu8b11s/lib/python3.12/site-packages/setuptools/config/_apply_pyprojecttoml.py:82: SetuptoolsDeprecationWarning: `project.license` as a TOML table is deprecated
!!

        ********************************************************************************
        Please use a simple string containing a SPDX expression for `project.license`. You can also use `project.license-files`. (Both options available on setuptools>=77.0.0).

        By 2026-Feb-18, you need to update your project and remove deprecated calls
        or your builds will no longer be supported.

        See https://packaging.python.org/en/latest/guides/writing-pyproject-toml/#license for details.
        ********************************************************************************

!!
  corresp(dist, value, root_dir)
running egg_info
writing socket_sdk_python.egg-info/PKG-INFO
writing dependency_links to socket_sdk_python.egg-info/dependency_links.txt
writing requirements to socket_sdk_python.egg-info/requires.txt
writing top-level names to socket_sdk_python.egg-info/top_level.txt
reading manifest file 'socket_sdk_python.egg-info/SOURCES.txt'
adding license file 'LICENSE'
writing manifest file 'socket_sdk_python.egg-info/SOURCES.txt'
* Building sdist...
/private/var/folders/nl/zptkx4wd7sv5kn9lbp_vbm980000gn/T/build-env-hvu8b11s/lib/python3.12/site-packages/setuptools/config/_apply_pyprojecttoml.py:82: SetuptoolsDeprecationWarning: `project.license` as a TOML table is deprecated
!!

        ********************************************************************************
        Please use a simple string containing a SPDX expression for `project.license`. You can also use `project.license-files`. (Both options available on setuptools>=77.0.0).

        By 2026-Feb-18, you need to update your project and remove deprecated calls
        or your builds will no longer be supported.

        See https://packaging.python.org/en/latest/guides/writing-pyproject-toml/#license for details.
        ********************************************************************************

!!
  corresp(dist, value, root_dir)
running sdist
running egg_info
writing socket_sdk_python.egg-info/PKG-INFO
writing dependency_links to socket_sdk_python.egg-info/dependency_links.txt
writing requirements to socket_sdk_python.egg-info/requires.txt
writing top-level names to socket_sdk_python.egg-info/top_level.txt
reading manifest file 'socket_sdk_python.egg-info/SOURCES.txt'
adding license file 'LICENSE'
writing manifest file 'socket_sdk_python.egg-info/SOURCES.txt'
running check
creating socket_sdk_python-2.0.15
creating socket_sdk_python-2.0.15/socket_sdk_python.egg-info
creating socket_sdk_python-2.0.15/socketdev
creating socket_sdk_python-2.0.15/socketdev/core
creating socket_sdk_python-2.0.15/socketdev/dependencies
creating socket_sdk_python-2.0.15/socketdev/export
creating socket_sdk_python-2.0.15/socketdev/fullscans
creating socket_sdk_python-2.0.15/socketdev/historical
creating socket_sdk_python-2.0.15/socketdev/npm
creating socket_sdk_python-2.0.15/socketdev/openapi
creating socket_sdk_python-2.0.15/socketdev/org
creating socket_sdk_python-2.0.15/socketdev/purl
creating socket_sdk_python-2.0.15/socketdev/quota
creating socket_sdk_python-2.0.15/socketdev/report
creating socket_sdk_python-2.0.15/socketdev/repos
creating socket_sdk_python-2.0.15/socketdev/repositories
creating socket_sdk_python-2.0.15/socketdev/sbom
creating socket_sdk_python-2.0.15/socketdev/settings
creating socket_sdk_python-2.0.15/socketdev/tools
creating socket_sdk_python-2.0.15/socketdev/triage
creating socket_sdk_python-2.0.15/socketdev/utils
copying files to socket_sdk_python-2.0.15...
copying LICENSE -> socket_sdk_python-2.0.15
copying README.rst -> socket_sdk_python-2.0.15
copying pyproject.toml -> socket_sdk_python-2.0.15
copying socket_sdk_python.egg-info/PKG-INFO -> socket_sdk_python-2.0.15/socket_sdk_python.egg-info
copying socket_sdk_python.egg-info/SOURCES.txt -> socket_sdk_python-2.0.15/socket_sdk_python.egg-info
copying socket_sdk_python.egg-info/dependency_links.txt -> socket_sdk_python-2.0.15/socket_sdk_python.egg-info
copying socket_sdk_python.egg-info/requires.txt -> socket_sdk_python-2.0.15/socket_sdk_python.egg-info
copying socket_sdk_python.egg-info/top_level.txt -> socket_sdk_python-2.0.15/socket_sdk_python.egg-info
copying socketdev/__init__.py -> socket_sdk_python-2.0.15/socketdev
copying socketdev/exceptions.py -> socket_sdk_python-2.0.15/socketdev
copying socketdev/log.py -> socket_sdk_python-2.0.15/socketdev
copying socketdev/version.py -> socket_sdk_python-2.0.15/socketdev
copying socketdev/core/api.py -> socket_sdk_python-2.0.15/socketdev/core
copying socketdev/core/classes.py -> socket_sdk_python-2.0.15/socketdev/core
copying socketdev/core/issues.py -> socket_sdk_python-2.0.15/socketdev/core
copying socketdev/dependencies/__init__.py -> socket_sdk_python-2.0.15/socketdev/dependencies
copying socketdev/export/__init__.py -> socket_sdk_python-2.0.15/socketdev/export
copying socketdev/fullscans/__init__.py -> socket_sdk_python-2.0.15/socketdev/fullscans
copying socketdev/historical/__init__.py -> socket_sdk_python-2.0.15/socketdev/historical
copying socketdev/npm/__init__.py -> socket_sdk_python-2.0.15/socketdev/npm
copying socketdev/openapi/__init__.py -> socket_sdk_python-2.0.15/socketdev/openapi
copying socketdev/org/__init__.py -> socket_sdk_python-2.0.15/socketdev/org
copying socketdev/purl/__init__.py -> socket_sdk_python-2.0.15/socketdev/purl
copying socketdev/quota/__init__.py -> socket_sdk_python-2.0.15/socketdev/quota
copying socketdev/report/__init__.py -> socket_sdk_python-2.0.15/socketdev/report
copying socketdev/repos/__init__.py -> socket_sdk_python-2.0.15/socketdev/repos
copying socketdev/repositories/__init__.py -> socket_sdk_python-2.0.15/socketdev/repositories
copying socketdev/sbom/__init__.py -> socket_sdk_python-2.0.15/socketdev/sbom
copying socketdev/settings/__init__.py -> socket_sdk_python-2.0.15/socketdev/settings
copying socketdev/tools/__init__.py -> socket_sdk_python-2.0.15/socketdev/tools
copying socketdev/triage/__init__.py -> socket_sdk_python-2.0.15/socketdev/triage
copying socketdev/utils/__init__.py -> socket_sdk_python-2.0.15/socketdev/utils
copying socket_sdk_python.egg-info/SOURCES.txt -> socket_sdk_python-2.0.15/socket_sdk_python.egg-info
Writing socket_sdk_python-2.0.15/setup.cfg
Creating tar archive
removing 'socket_sdk_python-2.0.15' (and everything under it)
* Building wheel from sdist
* Creating virtualenv isolated environment...
* Installing packages in isolated environment... (setuptools >= 61.0)
* Getting build dependencies for wheel...
/private/var/folders/nl/zptkx4wd7sv5kn9lbp_vbm980000gn/T/build-env-ns88q62e/lib/python3.12/site-packages/setuptools/config/_apply_pyprojecttoml.py:82: SetuptoolsDeprecationWarning: `project.license` as a TOML table is deprecated
!!

        ********************************************************************************
        Please use a simple string containing a SPDX expression for `project.license`. You can also use `project.license-files`. (Both options available on setuptools>=77.0.0).

        By 2026-Feb-18, you need to update your project and remove deprecated calls
        or your builds will no longer be supported.

        See https://packaging.python.org/en/latest/guides/writing-pyproject-toml/#license for details.
        ********************************************************************************

!!
  corresp(dist, value, root_dir)
running egg_info
writing socket_sdk_python.egg-info/PKG-INFO
writing dependency_links to socket_sdk_python.egg-info/dependency_links.txt
writing requirements to socket_sdk_python.egg-info/requires.txt
writing top-level names to socket_sdk_python.egg-info/top_level.txt
reading manifest file 'socket_sdk_python.egg-info/SOURCES.txt'
adding license file 'LICENSE'
writing manifest file 'socket_sdk_python.egg-info/SOURCES.txt'
* Building wheel...
/private/var/folders/nl/zptkx4wd7sv5kn9lbp_vbm980000gn/T/build-env-ns88q62e/lib/python3.12/site-packages/setuptools/config/_apply_pyprojecttoml.py:82: SetuptoolsDeprecationWarning: `project.license` as a TOML table is deprecated
!!

        ********************************************************************************
        Please use a simple string containing a SPDX expression for `project.license`. You can also use `project.license-files`. (Both options available on setuptools>=77.0.0).

        By 2026-Feb-18, you need to update your project and remove deprecated calls
        or your builds will no longer be supported.

        See https://packaging.python.org/en/latest/guides/writing-pyproject-toml/#license for details.
        ********************************************************************************

!!
  corresp(dist, value, root_dir)
running bdist_wheel
running build
running build_py
creating build/lib/socketdev
copying socketdev/version.py -> build/lib/socketdev
copying socketdev/log.py -> build/lib/socketdev
copying socketdev/__init__.py -> build/lib/socketdev
copying socketdev/exceptions.py -> build/lib/socketdev
creating build/lib/socketdev/settings
copying socketdev/settings/__init__.py -> build/lib/socketdev/settings
creating build/lib/socketdev/repos
copying socketdev/repos/__init__.py -> build/lib/socketdev/repos
creating build/lib/socketdev/tools
copying socketdev/tools/__init__.py -> build/lib/socketdev/tools
creating build/lib/socketdev/core
copying socketdev/core/issues.py -> build/lib/socketdev/core
copying socketdev/core/api.py -> build/lib/socketdev/core
copying socketdev/core/classes.py -> build/lib/socketdev/core
creating build/lib/socketdev/fullscans
copying socketdev/fullscans/__init__.py -> build/lib/socketdev/fullscans
creating build/lib/socketdev/sbom
copying socketdev/sbom/__init__.py -> build/lib/socketdev/sbom
creating build/lib/socketdev/org
copying socketdev/org/__init__.py -> build/lib/socketdev/org
creating build/lib/socketdev/dependencies
copying socketdev/dependencies/__init__.py -> build/lib/socketdev/dependencies
creating build/lib/socketdev/utils
copying socketdev/utils/__init__.py -> build/lib/socketdev/utils
creating build/lib/socketdev/repositories
copying socketdev/repositories/__init__.py -> build/lib/socketdev/repositories
creating build/lib/socketdev/triage
copying socketdev/triage/__init__.py -> build/lib/socketdev/triage
creating build/lib/socketdev/openapi
copying socketdev/openapi/__init__.py -> build/lib/socketdev/openapi
creating build/lib/socketdev/historical
copying socketdev/historical/__init__.py -> build/lib/socketdev/historical
creating build/lib/socketdev/report
copying socketdev/report/__init__.py -> build/lib/socketdev/report
creating build/lib/socketdev/quota
copying socketdev/quota/__init__.py -> build/lib/socketdev/quota
creating build/lib/socketdev/export
copying socketdev/export/__init__.py -> build/lib/socketdev/export
creating build/lib/socketdev/npm
copying socketdev/npm/__init__.py -> build/lib/socketdev/npm
creating build/lib/socketdev/purl
copying socketdev/purl/__init__.py -> build/lib/socketdev/purl
running egg_info
writing socket_sdk_python.egg-info/PKG-INFO
writing dependency_links to socket_sdk_python.egg-info/dependency_links.txt
writing requirements to socket_sdk_python.egg-info/requires.txt
writing top-level names to socket_sdk_python.egg-info/top_level.txt
reading manifest file 'socket_sdk_python.egg-info/SOURCES.txt'
adding license file 'LICENSE'
writing manifest file 'socket_sdk_python.egg-info/SOURCES.txt'
installing to build/bdist.macosx-14.0-arm64/wheel
running install
running install_lib
creating build/bdist.macosx-14.0-arm64/wheel
creating build/bdist.macosx-14.0-arm64/wheel/socketdev
creating build/bdist.macosx-14.0-arm64/wheel/socketdev/settings
copying build/lib/socketdev/settings/__init__.py -> build/bdist.macosx-14.0-arm64/wheel/./socketdev/settings
creating build/bdist.macosx-14.0-arm64/wheel/socketdev/repos
copying build/lib/socketdev/repos/__init__.py -> build/bdist.macosx-14.0-arm64/wheel/./socketdev/repos
creating build/bdist.macosx-14.0-arm64/wheel/socketdev/tools
copying build/lib/socketdev/tools/__init__.py -> build/bdist.macosx-14.0-arm64/wheel/./socketdev/tools
creating build/bdist.macosx-14.0-arm64/wheel/socketdev/core
copying build/lib/socketdev/core/issues.py -> build/bdist.macosx-14.0-arm64/wheel/./socketdev/core
copying build/lib/socketdev/core/api.py -> build/bdist.macosx-14.0-arm64/wheel/./socketdev/core
copying build/lib/socketdev/core/classes.py -> build/bdist.macosx-14.0-arm64/wheel/./socketdev/core
copying build/lib/socketdev/version.py -> build/bdist.macosx-14.0-arm64/wheel/./socketdev
creating build/bdist.macosx-14.0-arm64/wheel/socketdev/fullscans
copying build/lib/socketdev/fullscans/__init__.py -> build/bdist.macosx-14.0-arm64/wheel/./socketdev/fullscans
copying build/lib/socketdev/log.py -> build/bdist.macosx-14.0-arm64/wheel/./socketdev
creating build/bdist.macosx-14.0-arm64/wheel/socketdev/sbom
copying build/lib/socketdev/sbom/__init__.py -> build/bdist.macosx-14.0-arm64/wheel/./socketdev/sbom
creating build/bdist.macosx-14.0-arm64/wheel/socketdev/org
copying build/lib/socketdev/org/__init__.py -> build/bdist.macosx-14.0-arm64/wheel/./socketdev/org
creating build/bdist.macosx-14.0-arm64/wheel/socketdev/dependencies
copying build/lib/socketdev/dependencies/__init__.py -> build/bdist.macosx-14.0-arm64/wheel/./socketdev/dependencies
copying build/lib/socketdev/__init__.py -> build/bdist.macosx-14.0-arm64/wheel/./socketdev
creating build/bdist.macosx-14.0-arm64/wheel/socketdev/utils
copying build/lib/socketdev/utils/__init__.py -> build/bdist.macosx-14.0-arm64/wheel/./socketdev/utils
creating build/bdist.macosx-14.0-arm64/wheel/socketdev/repositories
copying build/lib/socketdev/repositories/__init__.py -> build/bdist.macosx-14.0-arm64/wheel/./socketdev/repositories
creating build/bdist.macosx-14.0-arm64/wheel/socketdev/triage
copying build/lib/socketdev/triage/__init__.py -> build/bdist.macosx-14.0-arm64/wheel/./socketdev/triage
creating build/bdist.macosx-14.0-arm64/wheel/socketdev/openapi
copying build/lib/socketdev/openapi/__init__.py -> build/bdist.macosx-14.0-arm64/wheel/./socketdev/openapi
creating build/bdist.macosx-14.0-arm64/wheel/socketdev/historical
copying build/lib/socketdev/historical/__init__.py -> build/bdist.macosx-14.0-arm64/wheel/./socketdev/historical
copying build/lib/socketdev/exceptions.py -> build/bdist.macosx-14.0-arm64/wheel/./socketdev
creating build/bdist.macosx-14.0-arm64/wheel/socketdev/report
copying build/lib/socketdev/report/__init__.py -> build/bdist.macosx-14.0-arm64/wheel/./socketdev/report
creating build/bdist.macosx-14.0-arm64/wheel/socketdev/quota
copying build/lib/socketdev/quota/__init__.py -> build/bdist.macosx-14.0-arm64/wheel/./socketdev/quota
creating build/bdist.macosx-14.0-arm64/wheel/socketdev/export
copying build/lib/socketdev/export/__init__.py -> build/bdist.macosx-14.0-arm64/wheel/./socketdev/export
creating build/bdist.macosx-14.0-arm64/wheel/socketdev/npm
copying build/lib/socketdev/npm/__init__.py -> build/bdist.macosx-14.0-arm64/wheel/./socketdev/npm
creating build/bdist.macosx-14.0-arm64/wheel/socketdev/purl
copying build/lib/socketdev/purl/__init__.py -> build/bdist.macosx-14.0-arm64/wheel/./socketdev/purl
running install_egg_info
Copying socket_sdk_python.egg-info to build/bdist.macosx-14.0-arm64/wheel/./socket_sdk_python-2.0.15-py3.12.egg-info
running install_scripts
creating build/bdist.macosx-14.0-arm64/wheel/socket_sdk_python-2.0.15.dist-info/WHEEL
creating '/Users/douglascoburn/socket.dev/github/socket-sdk-python/dist/.tmp-m9p59g7w/socket_sdk_python-2.0.15-py3-none-any.whl' and adding 'build/bdist.macosx-14.0-arm64/wheel' to it
adding 'socket_sdk_python-2.0.15.dist-info/licenses/LICENSE'
adding 'socketdev/__init__.py'
adding 'socketdev/exceptions.py'
adding 'socketdev/log.py'
adding 'socketdev/version.py'
adding 'socketdev/core/api.py'
adding 'socketdev/core/classes.py'
adding 'socketdev/core/issues.py'
adding 'socketdev/dependencies/__init__.py'
adding 'socketdev/export/__init__.py'
adding 'socketdev/fullscans/__init__.py'
adding 'socketdev/historical/__init__.py'
adding 'socketdev/npm/__init__.py'
adding 'socketdev/openapi/__init__.py'
adding 'socketdev/org/__init__.py'
adding 'socketdev/purl/__init__.py'
adding 'socketdev/quota/__init__.py'
adding 'socketdev/report/__init__.py'
adding 'socketdev/repos/__init__.py'
adding 'socketdev/repositories/__init__.py'
adding 'socketdev/sbom/__init__.py'
adding 'socketdev/settings/__init__.py'
adding 'socketdev/tools/__init__.py'
adding 'socketdev/triage/__init__.py'
adding 'socketdev/utils/__init__.py'
adding 'socket_sdk_python-2.0.15.dist-info/METADATA'
adding 'socket_sdk_python-2.0.15.dist-info/WHEEL'
adding 'socket_sdk_python-2.0.15.dist-info/top_level.txt'
adding 'socket_sdk_python-2.0.15.dist-info/RECORD'
removing build/bdist.macosx-14.0-arm64/wheel
Successfully built socket_sdk_python-2.0.15.tar.gz and socket_sdk_python-2.0.15-py3-none-any.whl
